<?xml version="1.0" encoding="UTF-8"?>
<testsuite name="com.trust.custody.AccountableTests" tests="1" skipped="0" failures="0" errors="0" timestamp="2020-06-30T05:59:53" hostname="macbook-pro.lan" time="0.25">
  <properties/>
  <testcase name="contextLoads()" classname="com.trust.custody.AccountableTests" time="0.25"/>
  <system-out><![CDATA[01:59:52.131 [Test worker] DEBUG org.springframework.test.context.BootstrapUtils - Instantiating CacheAwareContextLoaderDelegate from class [org.springframework.test.context.cache.DefaultCacheAwareContextLoaderDelegate]
01:59:52.142 [Test worker] DEBUG org.springframework.test.context.BootstrapUtils - Instantiating BootstrapContext using constructor [public org.springframework.test.context.support.DefaultBootstrapContext(java.lang.Class,org.springframework.test.context.CacheAwareContextLoaderDelegate)]
01:59:52.172 [Test worker] DEBUG org.springframework.test.context.BootstrapUtils - Instantiating TestContextBootstrapper for test class [com.trust.custody.AccountableTests] from class [org.springframework.boot.test.context.SpringBootTestContextBootstrapper]
01:59:52.189 [Test worker] INFO org.springframework.boot.test.context.SpringBootTestContextBootstrapper - Neither @ContextConfiguration nor @ContextHierarchy found for test class [com.trust.custody.AccountableTests], using SpringBootContextLoader
01:59:52.193 [Test worker] DEBUG org.springframework.test.context.support.AbstractContextLoader - Did not detect default resource location for test class [com.trust.custody.AccountableTests]: class path resource [com/trust/custody/AccountableTests-context.xml] does not exist
01:59:52.193 [Test worker] DEBUG org.springframework.test.context.support.AbstractContextLoader - Did not detect default resource location for test class [com.trust.custody.AccountableTests]: class path resource [com/trust/custody/AccountableTestsContext.groovy] does not exist
01:59:52.193 [Test worker] INFO org.springframework.test.context.support.AbstractContextLoader - Could not detect default resource locations for test class [com.trust.custody.AccountableTests]: no resource found for suffixes {-context.xml, Context.groovy}.
01:59:52.194 [Test worker] INFO org.springframework.test.context.support.AnnotationConfigContextLoaderUtils - Could not detect default configuration classes for test class [com.trust.custody.AccountableTests]: AccountableTests does not declare any static, non-private, non-final, nested classes annotated with @Configuration.
01:59:52.235 [Test worker] DEBUG org.springframework.test.context.support.ActiveProfilesUtils - Could not find an 'annotation declaring class' for annotation type [org.springframework.test.context.ActiveProfiles] and class [com.trust.custody.AccountableTests]
01:59:52.289 [Test worker] DEBUG org.springframework.context.annotation.ClassPathScanningCandidateComponentProvider - Identified candidate component class: file [/Users/rodneybarton/git/Accountable/build/classes/java/main/com/trust/custody/Accountable.class]
01:59:52.290 [Test worker] INFO org.springframework.boot.test.context.SpringBootTestContextBootstrapper - Found @SpringBootConfiguration com.trust.custody.Accountable for test class com.trust.custody.AccountableTests
01:59:52.384 [Test worker] DEBUG org.springframework.boot.test.context.SpringBootTestContextBootstrapper - @TestExecutionListeners is not present for class [com.trust.custody.AccountableTests]: using defaults.
01:59:52.385 [Test worker] INFO org.springframework.boot.test.context.SpringBootTestContextBootstrapper - Loaded default TestExecutionListener class names from location [META-INF/spring.factories]: [org.springframework.boot.test.autoconfigure.restdocs.RestDocsTestExecutionListener, org.springframework.boot.test.autoconfigure.web.client.MockRestServiceServerResetTestExecutionListener, org.springframework.boot.test.autoconfigure.web.servlet.MockMvcPrintOnlyOnFailureTestExecutionListener, org.springframework.boot.test.autoconfigure.web.servlet.WebDriverTestExecutionListener, org.springframework.boot.test.autoconfigure.webservices.client.MockWebServiceServerTestExecutionListener, org.springframework.boot.test.mock.mockito.MockitoTestExecutionListener, org.springframework.boot.test.mock.mockito.ResetMocksTestExecutionListener, org.springframework.test.context.web.ServletTestExecutionListener, org.springframework.test.context.support.DirtiesContextBeforeModesTestExecutionListener, org.springframework.test.context.support.DependencyInjectionTestExecutionListener, org.springframework.test.context.support.DirtiesContextTestExecutionListener, org.springframework.test.context.transaction.TransactionalTestExecutionListener, org.springframework.test.context.jdbc.SqlScriptsTestExecutionListener, org.springframework.test.context.event.EventPublishingTestExecutionListener]
01:59:52.395 [Test worker] DEBUG org.springframework.boot.test.context.SpringBootTestContextBootstrapper - Skipping candidate TestExecutionListener [org.springframework.test.context.transaction.TransactionalTestExecutionListener] due to a missing dependency. Specify custom listener classes or make the default listener classes and their required dependencies available. Offending class: [org/springframework/transaction/TransactionDefinition]
01:59:52.395 [Test worker] DEBUG org.springframework.boot.test.context.SpringBootTestContextBootstrapper - Skipping candidate TestExecutionListener [org.springframework.test.context.jdbc.SqlScriptsTestExecutionListener] due to a missing dependency. Specify custom listener classes or make the default listener classes and their required dependencies available. Offending class: [org/springframework/transaction/interceptor/TransactionAttribute]
01:59:52.395 [Test worker] INFO org.springframework.boot.test.context.SpringBootTestContextBootstrapper - Using TestExecutionListeners: [org.springframework.test.context.web.ServletTestExecutionListener@2a32cd4a, org.springframework.test.context.support.DirtiesContextBeforeModesTestExecutionListener@bd704b9, org.springframework.boot.test.mock.mockito.MockitoTestExecutionListener@80d00c4, org.springframework.boot.test.autoconfigure.SpringBootDependencyInjectionTestExecutionListener@5046007b, org.springframework.test.context.support.DirtiesContextTestExecutionListener@6ca2dfa4, org.springframework.test.context.event.EventPublishingTestExecutionListener@5f63ec45, org.springframework.boot.test.autoconfigure.restdocs.RestDocsTestExecutionListener@3f88cc4d, org.springframework.boot.test.autoconfigure.web.client.MockRestServiceServerResetTestExecutionListener@5f2d461f, org.springframework.boot.test.autoconfigure.web.servlet.MockMvcPrintOnlyOnFailureTestExecutionListener@2508eda1, org.springframework.boot.test.autoconfigure.web.servlet.WebDriverTestExecutionListener@65492c81, org.springframework.boot.test.autoconfigure.webservices.client.MockWebServiceServerTestExecutionListener@1c5a6ec1, org.springframework.boot.test.mock.mockito.ResetMocksTestExecutionListener@2972deeb]
01:59:52.398 [Test worker] DEBUG org.springframework.test.context.support.AbstractDirtiesContextTestExecutionListener - Before test class: context [DefaultTestContext@36dbc64 testClass = AccountableTests, testInstance = [null], testMethod = [null], testException = [null], mergedContextConfiguration = [WebMergedContextConfiguration@3cec409f testClass = AccountableTests, locations = '{}', classes = '{class com.trust.custody.Accountable}', contextInitializerClasses = '[]', activeProfiles = '{}', propertySourceLocations = '{}', propertySourceProperties = '{org.springframework.boot.test.context.SpringBootTestContextBootstrapper=true}', contextCustomizers = set[org.springframework.boot.test.autoconfigure.properties.PropertyMappingContextCustomizer@0, org.springframework.boot.test.autoconfigure.web.servlet.WebDriverContextCustomizerFactory$Customizer@54dcb286, org.springframework.boot.test.context.filter.ExcludeFilterContextCustomizer@75f7a3ee, org.springframework.boot.test.json.DuplicateJsonObjectContextCustomizerFactory$DuplicateJsonObjectContextCustomizer@5087cd83, org.springframework.boot.test.mock.mockito.MockitoContextCustomizer@0, org.springframework.boot.test.web.client.TestRestTemplateContextCustomizer@2c3dceac, org.springframework.boot.test.context.SpringBootTestArgs@1], resourceBasePath = 'src/main/webapp', contextLoader = 'org.springframework.boot.test.context.SpringBootContextLoader', parent = [null]], attributes = map['org.springframework.test.context.web.ServletTestExecutionListener.activateListener' -> true]], class annotated with @DirtiesContext [false] with mode [null].
01:59:52.423 [Test worker] DEBUG org.springframework.test.context.support.TestPropertySourceUtils - Adding inlined properties to environment: {spring.jmx.enabled=false, org.springframework.boot.test.context.SpringBootTestContextBootstrapper=true}

  .   ____          _            __ _ _
 /\\ / ___'_ __ _ _(_)_ __  __ _ \ \ \ \
( ( )\___ | '_ | '_| | '_ \/ _` | \ \ \ \
 \\/  ___)| |_)| | | | | || (_| |  ) ) ) )
  '  |____| .__|_| |_|_| |_\__, | / / / /
 =========|_|==============|___/=/_/_/_/
 :: Spring Boot ::        (v2.3.1.RELEASE)

2020-06-30 01:59:52.689  INFO 1279 --- [    Test worker] com.trust.custody.AccountableTests       : Starting AccountableTests on macbook-pro.lan with PID 1279 (started by rodneybarton in /Users/rodneybarton/git/Accountable)
2020-06-30 01:59:52.691  INFO 1279 --- [    Test worker] com.trust.custody.AccountableTests       : No active profile set, falling back to default profiles: default
2020-06-30 01:59:53.698  INFO 1279 --- [    Test worker] o.s.s.concurrent.ThreadPoolTaskExecutor  : Initializing ExecutorService 'applicationTaskExecutor'
2020-06-30 01:59:53.954  INFO 1279 --- [    Test worker] com.trust.custody.AccountableTests       : Started AccountableTests in 1.52 seconds (JVM running for 2.508)
]]></system-out>
  <system-err><![CDATA[]]></system-err>
</testsuite>
